BEGIN 74xaLqdTDdHZ9ey AUTHZ
  RequestToken = e49HDdxTqL7dZya
  AccessToken = aZy4TLHxqded9D7
BEGIN f80N46i82fdx61d AUTHZ
  RequestToken = d10i68x86f4dfN2
  AccessToken = 2Nx0id84f6d168f
  RefreshToken = x8f02fd4iN661d8
PERMIT (READ,Applications,2Nx0id84f6d168f,2)
PERMIT (EXECUTE,Applications,2Nx0id84f6d168f,1)
DENY (DELETE,Applications,2Nx0id84f6d168f,0)
PERMIT (READ,Preferences,aZy4TLHxqded9D7,2)
DENY (MODIFY,Preferences,aZy4TLHxqded9D7,1)
DENY (MODIFY,UserData,aZy4TLHxqded9D7,0)
BEGIN 74xaLqdTDdHZ9ey AUTHZ
  RequestToken = q7ZLd9D4yxdHaeT
BEGIN f80N46i82fdx61d AUTHZ REFRESH
  AccessToken = xd20fd4N6f1868i
  RefreshToken = 6dfi4d61f08xN82
PERMIT (INSERT,Files,xd20fd4N6f1868i,2)
DENY (INSERT,Applications,xd20fd4N6f1868i,1)
BEGIN f80N46i82fdx61d AUTHZ
  RequestToken = dd1N028if86f64x
  AccessToken = 1N0f2xd68f648di
  RefreshToken = 60Nf6x82i4fdd18
PERMIT (INSERT,Applications,1N0f2xd68f648di,2)
DENY (DELETE,Files,1N0f2xd68f648di,1)
DENY (EXECUTE,Applications,1N0f2xd68f648di,0)
BEGIN f80N46i82fdx61d AUTHZ REFRESH
  AccessToken = iN412fd686x0f8d
  RefreshToken = 4206Ndf68x1ifd8
DENY (11111,Applications,iN412fd686x0f8d,2)
BEGIN 74xaLqdTDdHZ9ey AUTHZ
  RequestToken = aD7Txqy4edd9ZHL
  AccessToken = TdDqdea9Lx4HZy7
BEGIN f80N46i82fdx61d AUTHZ
  RequestToken = 84i6d80fdN12f6x
  AccessToken = 6xffN80i42d68d1
  RefreshToken = i46N8fxf0dd8261
DENY (READ,Applications,6xffN80i42d68d1,2)
DENY (EXECUTE,Applications,6xffN80i42d68d1,1)
DENY (DELETE,Applications,6xffN80i42d68d1,0)
DENY (READ,Preferences,TdDqdea9Lx4HZy7,2)
DENY (MODIFY,Preferences,TdDqdea9Lx4HZy7,1)
DENY (MODIFY,UserData,TdDqdea9Lx4HZy7,0)
BEGIN 74xaLqdTDdHZ9ey AUTHZ
  RequestToken = 4ddqaDH97LTxyZe
  AccessToken = eZ7yT9LDdxaHd4q
BEGIN f80N46i82fdx61d AUTHZ REFRESH
  AccessToken = 2df1i460f88xd6N
  RefreshToken = 6d6f82x4Ni08f1d
DENY (INSERT,Files,2df1i460f88xd6N,2)
DENY (INSERT,Applications,2df1i460f88xd6N,1)
BEGIN f80N46i82fdx61d AUTHZ
  RequestToken = 280d1i8f6Nxd6f4
  AccessToken = 12d6x6ff8i8dN40
  RefreshToken = dN8ifx046612d8f
DENY (INSERT,Applications,12d6x6ff8i8dN40,2)
DENY (DELETE,Files,12d6x6ff8i8dN40,1)
DENY (EXECUTE,Applications,12d6x6ff8i8dN40,0)
BEGIN f80N46i82fdx61d AUTHZ REFRESH
  AccessToken = i6ddx8460f28fN1
  RefreshToken = 20d6ffdi1N4868x
DENY (11111,Applications,i6ddx8460f28fN1,2)
BEGIN 74xaLqdTDdHZ9ey AUTHZ
  RequestToken = ZDe7q49yaHxdLTd
  AccessToken = 9eydDdHTaL7x4qZ
BEGIN f80N46i82fdx61d AUTHZ
  RequestToken = 61i80xf6N2dd48f
  AccessToken = f848Ndf2xi016d6
  RefreshToken = d16i2fN8d6f804x
DENY (READ,Applications,f848Ndf2xi016d6,2)
DENY (EXECUTE,Applications,f848Ndf2xi016d6,1)
DENY (DELETE,Applications,f848Ndf2xi016d6,0)
DENY (READ,Preferences,9eydDdHTaL7x4qZ,2)
DENY (MODIFY,Preferences,9eydDdHTaL7x4qZ,1)
DENY (MODIFY,UserData,9eydDdHTaL7x4qZ,0)
BEGIN 74xaLqdTDdHZ9ey AUTHZ
  RequestToken = adZe7D4yTHdL9qx
  AccessToken = Z7xd9DTeH4adqyL
BEGIN f80N46i82fdx61d AUTHZ REFRESH
  AccessToken = 8d61di4fN2068xf
  RefreshToken = 40i6N6f8f12dxd8
DENY (INSERT,Files,8d61di4fN2068xf,2)
DENY (INSERT,Applications,8d61di4fN2068xf,1)
BEGIN f80N46i82fdx61d AUTHZ
  RequestToken = 88f1i6Ndx4f620d
  AccessToken = 8f086dfx64dN1i2
  RefreshToken = xif8d4f26180d6N
DENY (INSERT,Applications,8f086dfx64dN1i2,2)
DENY (DELETE,Files,8f086dfx64dN1i2,1)
DENY (EXECUTE,Applications,8f086dfx64dN1i2,0)
BEGIN f80N46i82fdx61d AUTHZ REFRESH
  AccessToken = xdf6dfi08N86241
  RefreshToken = xi28f608dd1f4N6
DENY (11111,Applications,xdf6dfi08N86241,2)
